# JRE version: OpenJDK Runtime Environment (8.0_152-b01) (build 1.8.0_152-release-915-b01)
# Java VM: OpenJDK 64-Bit Server VM (25.152-b01 mixed mode windows-amd64 compressed oops)
Heap:
 PSYoungGen      total 98816K, used 73077K [0x00000000f5580000, 0x00000000fc800000, 0x0000000100000000)
  eden space 86016K, 70% used [0x00000000f5580000,0x00000000f90c0178,0x00000000fa980000)
  from space 12800K, 96% used [0x00000000fb780000,0x00000000fc39d2a0,0x00000000fc400000)
  to   space 14336K, 0% used [0x00000000fa980000,0x00000000fa980000,0x00000000fb780000)
 ParOldGen       total 58880K, used 17678K [0x00000000e0000000, 0x00000000e3980000, 0x00000000f5580000)
  object space 58880K, 30% used [0x00000000e0000000,0x00000000e11439c8,0x00000000e3980000)
 Metaspace       used 52218K, capacity 53960K, committed 54272K, reserved 1095680K
  class space    used 7078K, capacity 7567K, committed 7680K, reserved 1048576K
GC Heap History (10 events):
Event: 15.576 GC heap before
{Heap before GC invocations=12 (full 1):
 PSYoungGen      total 70144K, used 62130K [0x00000000f5580000, 0x00000000fb400000, 0x0000000100000000)
  eden space 61440K, 86% used [0x00000000f5580000,0x00000000f89b0540,0x00000000f9180000)
  from space 8704K, 99% used [0x00000000f9b00000,0x00000000fa37c3b8,0x00000000fa380000)
  to   space 9728K, 0% used [0x00000000f9180000,0x00000000f9180000,0x00000000f9b00000)
 ParOldGen       total 36352K, used 9041K [0x00000000e0000000, 0x00000000e2380000, 0x00000000f5580000)
  object space 36352K, 24% used [0x00000000e0000000,0x00000000e08d47b8,0x00000000e2380000)
 Metaspace       used 34586K, capacity 35272K, committed 35416K, reserved 1079296K
  class space    used 4714K, capacity 5002K, committed 5120K, reserved 1048576K
Event: 15.598 GC heap after
Heap after GC invocations=12 (full 1):
 PSYoungGen      total 71168K, used 9718K [0x00000000f5580000, 0x00000000fb780000, 0x0000000100000000)
  eden space 61440K, 0% used [0x00000000f5580000,0x00000000f5580000,0x00000000f9180000)
  from space 9728K, 99% used [0x00000000f9180000,0x00000000f9afd8e8,0x00000000f9b00000)
  to   space 11264K, 0% used [0x00000000fac80000,0x00000000fac80000,0x00000000fb780000)
 ParOldGen       total 36352K, used 9675K [0x00000000e0000000, 0x00000000e2380000, 0x00000000f5580000)
  object space 36352K, 26% used [0x00000000e0000000,0x00000000e0972e30,0x00000000e2380000)
 Metaspace       used 34586K, capacity 35272K, committed 35416K, reserved 1079296K
  class space    used 4714K, capacity 5002K, committed 5120K, reserved 1048576K
}
Event: 15.598 GC heap before
{Heap before GC invocations=13 (full 2):
 PSYoungGen      total 71168K, used 9718K [0x00000000f5580000, 0x00000000fb780000, 0x0000000100000000)
  eden space 61440K, 0% used [0x00000000f5580000,0x00000000f5580000,0x00000000f9180000)
  from space 9728K, 99% used [0x00000000f9180000,0x00000000f9afd8e8,0x00000000f9b00000)
  to   space 11264K, 0% used [0x00000000fac80000,0x00000000fac80000,0x00000000fb780000)
 ParOldGen       total 36352K, used 9675K [0x00000000e0000000, 0x00000000e2380000, 0x00000000f5580000)
  object space 36352K, 26% used [0x00000000e0000000,0x00000000e0972e30,0x00000000e2380000)
 Metaspace       used 34586K, capacity 35272K, committed 35416K, reserved 1079296K
  class space    used 4714K, capacity 5002K, committed 5120K, reserved 1048576K
Event: 15.748 GC heap after
Heap after GC invocations=13 (full 2):
 PSYoungGen      total 71168K, used 0K [0x00000000f5580000, 0x00000000fb780000, 0x0000000100000000)
  eden space 61440K, 0% used [0x00000000f5580000,0x00000000f5580000,0x00000000f9180000)
  from space 9728K, 0% used [0x00000000f9180000,0x00000000f9180000,0x00000000f9b00000)
  to   space 11264K, 0% used [0x00000000fac80000,0x00000000fac80000,0x00000000fb780000)
 ParOldGen       total 58880K, used 16391K [0x00000000e0000000, 0x00000000e3980000, 0x00000000f5580000)
  object space 58880K, 27% used [0x00000000e0000000,0x00000000e1001ea8,0x00000000e3980000)
 Metaspace       used 34586K, capacity 35272K, committed 35416K, reserved 1079296K
  class space    used 4714K, capacity 5002K, committed 5120K, reserved 1048576K
}
Event: 20.027 GC heap before
{Heap before GC invocations=14 (full 2):
 PSYoungGen      total 71168K, used 61440K [0x00000000f5580000, 0x00000000fb780000, 0x0000000100000000)
  eden space 61440K, 100% used [0x00000000f5580000,0x00000000f9180000,0x00000000f9180000)
  from space 9728K, 0% used [0x00000000f9180000,0x00000000f9180000,0x00000000f9b00000)
  to   space 11264K, 0% used [0x00000000fac80000,0x00000000fac80000,0x00000000fb780000)
 ParOldGen       total 58880K, used 16391K [0x00000000e0000000, 0x00000000e3980000, 0x00000000f5580000)
  object space 58880K, 27% used [0x00000000e0000000,0x00000000e1001ea8,0x00000000e3980000)
 Metaspace       used 39697K, capacity 40458K, committed 40704K, reserved 1085440K
  class space    used 5329K, capacity 5624K, committed 5632K, reserved 1048576K
Event: 20.035 GC heap after
Heap after GC invocations=14 (full 2):
 PSYoungGen      total 79872K, used 5540K [0x00000000f5580000, 0x00000000fb280000, 0x0000000100000000)
  eden space 73728K, 0% used [0x00000000f5580000,0x00000000f5580000,0x00000000f9d80000)
  from space 6144K, 90% used [0x00000000fac80000,0x00000000fb1e9240,0x00000000fb280000)
  to   space 10752K, 0% used [0x00000000f9d80000,0x00000000f9d80000,0x00000000fa800000)
 ParOldGen       total 58880K, used 16399K [0x00000000e0000000, 0x00000000e3980000, 0x00000000f5580000)
  object space 58880K, 27% used [0x00000000e0000000,0x00000000e1003ea8,0x00000000e3980000)
 Metaspace       used 39697K, capacity 40458K, committed 40704K, reserved 1085440K
  class space    used 5329K, capacity 5624K, committed 5632K, reserved 1048576K
}
Event: 24.746 GC heap before
{Heap before GC invocations=15 (full 2):
 PSYoungGen      total 79872K, used 79268K [0x00000000f5580000, 0x00000000fb280000, 0x0000000100000000)
  eden space 73728K, 100% used [0x00000000f5580000,0x00000000f9d80000,0x00000000f9d80000)
  from space 6144K, 90% used [0x00000000fac80000,0x00000000fb1e9240,0x00000000fb280000)
  to   space 10752K, 0% used [0x00000000f9d80000,0x00000000f9d80000,0x00000000fa800000)
 ParOldGen       total 58880K, used 16399K [0x00000000e0000000, 0x00000000e3980000, 0x00000000f5580000)
  object space 58880K, 27% used [0x00000000e0000000,0x00000000e1003ea8,0x00000000e3980000)
 Metaspace       used 46643K, capacity 47744K, committed 48000K, reserved 1091584K
  class space    used 6281K, capacity 6692K, committed 6784K, reserved 1048576K
Event: 24.763 GC heap after
Heap after GC invocations=15 (full 2):
 PSYoungGen      total 84480K, used 10745K [0x00000000f5580000, 0x00000000fc400000, 0x0000000100000000)
  eden space 73728K, 0% used [0x00000000f5580000,0x00000000f5580000,0x00000000f9d80000)
  from space 10752K, 99% used [0x00000000f9d80000,0x00000000fa7fe440,0x00000000fa800000)
  to   space 12800K, 0% used [0x00000000fb780000,0x00000000fb780000,0x00000000fc400000)
 ParOldGen       total 58880K, used 17670K [0x00000000e0000000, 0x00000000e3980000, 0x00000000f5580000)
  object space 58880K, 30% used [0x00000000e0000000,0x00000000e11419c8,0x00000000e3980000)
 Metaspace       used 46643K, capacity 47744K, committed 48000K, reserved 1091584K
  class space    used 6281K, capacity 6692K, committed 6784K, reserved 1048576K
}
Event: 26.748 GC heap before
{Heap before GC invocations=16 (full 2):
 PSYoungGen      total 84480K, used 84473K [0x00000000f5580000, 0x00000000fc400000, 0x0000000100000000)
  eden space 73728K, 100% used [0x00000000f5580000,0x00000000f9d80000,0x00000000f9d80000)
  from space 10752K, 99% used [0x00000000f9d80000,0x00000000fa7fe440,0x00000000fa800000)
  to   space 12800K, 0% used [0x00000000fb780000,0x00000000fb780000,0x00000000fc400000)
 ParOldGen       total 58880K, used 17670K [0x00000000e0000000, 0x00000000e3980000, 0x00000000f5580000)
  object space 58880K, 30% used [0x00000000e0000000,0x00000000e11419c8,0x00000000e3980000)
 Metaspace       used 47488K, capacity 48652K, committed 48768K, reserved 1091584K
  class space    used 6344K, capacity 6756K, committed 6784K, reserved 1048576K
Event: 26.764 GC heap after
Heap after GC invocations=16 (full 2):
 PSYoungGen      total 98816K, used 12404K [0x00000000f5580000, 0x00000000fc800000, 0x0000000100000000)
  eden space 86016K, 0% used [0x00000000f5580000,0x00000000f5580000,0x00000000fa980000)
  from space 12800K, 96% used [0x00000000fb780000,0x00000000fc39d2a0,0x00000000fc400000)
  to   space 14336K, 0% used [0x00000000fa980000,0x00000000fa980000,0x00000000fb780000)
 ParOldGen       total 58880K, used 17678K [0x00000000e0000000, 0x00000000e3980000, 0x00000000f5580000)
  object space 58880K, 30% used [0x00000000e0000000,0x00000000e11439c8,0x00000000e3980000)
 Metaspace       used 47488K, capacity 48652K, committed 48768K, reserved 1091584K
  class space    used 6344K, capacity 6756K, committed 6784K, reserved 1048576K
}

