# JRE version: OpenJDK Runtime Environment (8.0_152-b01) (build 1.8.0_152-release-915-b01)
# Java VM: OpenJDK 64-Bit Server VM (25.152-b01 mixed mode windows-amd64 compressed oops)
Heap:
 PSYoungGen      total 128000K, used 63944K [0x00000000f5580000, 0x00000000ff300000, 0x0000000100000000)
  eden space 110080K, 58% used [0x00000000f5580000,0x00000000f93f22d0,0x00000000fc100000)
  from space 17920K, 0% used [0x00000000fc100000,0x00000000fc100000,0x00000000fd280000)
  to   space 18944K, 0% used [0x00000000fe080000,0x00000000fe080000,0x00000000ff300000)
 ParOldGen       total 94720K, used 35109K [0x00000000e0000000, 0x00000000e5c80000, 0x00000000f5580000)
  object space 94720K, 37% used [0x00000000e0000000,0x00000000e2249628,0x00000000e5c80000)
 Metaspace       used 61003K, capacity 62832K, committed 63124K, reserved 1103872K
  class space    used 8079K, capacity 8533K, committed 8636K, reserved 1048576K
GC Heap History (10 events):
Event: 33.210 GC heap before
{Heap before GC invocations=16 (full 2):
 PSYoungGen      total 86528K, used 86525K [0x00000000f5580000, 0x00000000fca00000, 0x0000000100000000)
  eden space 76800K, 100% used [0x00000000f5580000,0x00000000fa080000,0x00000000fa080000)
  from space 9728K, 99% used [0x00000000fa080000,0x00000000fa9ff4e0,0x00000000faa00000)
  to   space 11776K, 0% used [0x00000000fbe80000,0x00000000fbe80000,0x00000000fca00000)
 ParOldGen       total 56320K, used 17555K [0x00000000e0000000, 0x00000000e3700000, 0x00000000f5580000)
  object space 56320K, 31% used [0x00000000e0000000,0x00000000e1124d50,0x00000000e3700000)
 Metaspace       used 48413K, capacity 49602K, committed 49880K, reserved 1091584K
  class space    used 6456K, capacity 6808K, committed 6912K, reserved 1048576K
Event: 33.233 GC heap after
Heap after GC invocations=16 (full 2):
 PSYoungGen      total 105472K, used 11753K [0x00000000f5580000, 0x00000000fcd00000, 0x0000000100000000)
  eden space 93696K, 0% used [0x00000000f5580000,0x00000000f5580000,0x00000000fb100000)
  from space 11776K, 99% used [0x00000000fbe80000,0x00000000fc9fa780,0x00000000fca00000)
  to   space 13824K, 0% used [0x00000000fb100000,0x00000000fb100000,0x00000000fbe80000)
 ParOldGen       total 56320K, used 19420K [0x00000000e0000000, 0x00000000e3700000, 0x00000000f5580000)
  object space 56320K, 34% used [0x00000000e0000000,0x00000000e12f7078,0x00000000e3700000)
 Metaspace       used 48413K, capacity 49602K, committed 49880K, reserved 1091584K
  class space    used 6456K, capacity 6808K, committed 6912K, reserved 1048576K
}
Event: 46.413 GC heap before
{Heap before GC invocations=17 (full 2):
 PSYoungGen      total 105472K, used 105449K [0x00000000f5580000, 0x00000000fcd00000, 0x0000000100000000)
  eden space 93696K, 100% used [0x00000000f5580000,0x00000000fb100000,0x00000000fb100000)
  from space 11776K, 99% used [0x00000000fbe80000,0x00000000fc9fa780,0x00000000fca00000)
  to   space 13824K, 0% used [0x00000000fb100000,0x00000000fb100000,0x00000000fbe80000)
 ParOldGen       total 56320K, used 19420K [0x00000000e0000000, 0x00000000e3700000, 0x00000000f5580000)
  object space 56320K, 34% used [0x00000000e0000000,0x00000000e12f7078,0x00000000e3700000)
 Metaspace       used 52904K, capacity 54572K, committed 54616K, reserved 1095680K
  class space    used 7122K, capacity 7543K, committed 7552K, reserved 1048576K
Event: 46.441 GC heap after
Heap after GC invocations=17 (full 2):
 PSYoungGen      total 107520K, used 13805K [0x00000000f5580000, 0x00000000fe600000, 0x0000000100000000)
  eden space 93696K, 0% used [0x00000000f5580000,0x00000000f5580000,0x00000000fb100000)
  from space 13824K, 99% used [0x00000000fb100000,0x00000000fbe7b4f0,0x00000000fbe80000)
  to   space 17408K, 0% used [0x00000000fd500000,0x00000000fd500000,0x00000000fe600000)
 ParOldGen       total 56320K, used 23994K [0x00000000e0000000, 0x00000000e3700000, 0x00000000f5580000)
  object space 56320K, 42% used [0x00000000e0000000,0x00000000e176e928,0x00000000e3700000)
 Metaspace       used 52904K, capacity 54572K, committed 54616K, reserved 1095680K
  class space    used 7122K, capacity 7543K, committed 7552K, reserved 1048576K
}
Event: 141.080 GC heap before
{Heap before GC invocations=18 (full 2):
 PSYoungGen      total 107520K, used 107501K [0x00000000f5580000, 0x00000000fe600000, 0x0000000100000000)
  eden space 93696K, 100% used [0x00000000f5580000,0x00000000fb100000,0x00000000fb100000)
  from space 13824K, 99% used [0x00000000fb100000,0x00000000fbe7b4f0,0x00000000fbe80000)
  to   space 17408K, 0% used [0x00000000fd500000,0x00000000fd500000,0x00000000fe600000)
 ParOldGen       total 56320K, used 23994K [0x00000000e0000000, 0x00000000e3700000, 0x00000000f5580000)
  object space 56320K, 42% used [0x00000000e0000000,0x00000000e176e928,0x00000000e3700000)
 Metaspace       used 55741K, capacity 57640K, committed 57816K, reserved 1099776K
  class space    used 7455K, capacity 7913K, committed 7936K, reserved 1048576K
Event: 141.140 GC heap after
Heap after GC invocations=18 (full 2):
 PSYoungGen      total 125440K, used 11936K [0x00000000f5580000, 0x00000000fe400000, 0x0000000100000000)
  eden space 110080K, 0% used [0x00000000f5580000,0x00000000f5580000,0x00000000fc100000)
  from space 15360K, 77% used [0x00000000fd500000,0x00000000fe0a8148,0x00000000fe400000)
  to   space 17920K, 0% used [0x00000000fc100000,0x00000000fc100000,0x00000000fd280000)
 ParOldGen       total 56320K, used 31642K [0x00000000e0000000, 0x00000000e3700000, 0x00000000f5580000)
  object space 56320K, 56% used [0x00000000e0000000,0x00000000e1ee6a00,0x00000000e3700000)
 Metaspace       used 55741K, capacity 57640K, committed 57816K, reserved 1099776K
  class space    used 7455K, capacity 7913K, committed 7936K, reserved 1048576K
}
Event: 147.448 GC heap before
{Heap before GC invocations=19 (full 2):
 PSYoungGen      total 125440K, used 47615K [0x00000000f5580000, 0x00000000fe400000, 0x0000000100000000)
  eden space 110080K, 32% used [0x00000000f5580000,0x00000000f7857d28,0x00000000fc100000)
  from space 15360K, 77% used [0x00000000fd500000,0x00000000fe0a8148,0x00000000fe400000)
  to   space 17920K, 0% used [0x00000000fc100000,0x00000000fc100000,0x00000000fd280000)
 ParOldGen       total 56320K, used 31642K [0x00000000e0000000, 0x00000000e3700000, 0x00000000f5580000)
  object space 56320K, 56% used [0x00000000e0000000,0x00000000e1ee6a00,0x00000000e3700000)
 Metaspace       used 57125K, capacity 58928K, committed 59028K, reserved 1099776K
  class space    used 7654K, capacity 8085K, committed 8124K, reserved 1048576K
Event: 147.476 GC heap after
Heap after GC invocations=19 (full 2):
 PSYoungGen      total 128000K, used 13008K [0x00000000f5580000, 0x00000000ff300000, 0x0000000100000000)
  eden space 110080K, 0% used [0x00000000f5580000,0x00000000f5580000,0x00000000fc100000)
  from space 17920K, 72% used [0x00000000fc100000,0x00000000fcdb4020,0x00000000fd280000)
  to   space 18944K, 0% used [0x00000000fe080000,0x00000000fe080000,0x00000000ff300000)
 ParOldGen       total 56320K, used 31650K [0x00000000e0000000, 0x00000000e3700000, 0x00000000f5580000)
  object space 56320K, 56% used [0x00000000e0000000,0x00000000e1ee8a00,0x00000000e3700000)
 Metaspace       used 57125K, capacity 58928K, committed 59028K, reserved 1099776K
  class space    used 7654K, capacity 8085K, committed 8124K, reserved 1048576K
}
Event: 147.476 GC heap before
{Heap before GC invocations=20 (full 3):
 PSYoungGen      total 128000K, used 13008K [0x00000000f5580000, 0x00000000ff300000, 0x0000000100000000)
  eden space 110080K, 0% used [0x00000000f5580000,0x00000000f5580000,0x00000000fc100000)
  from space 17920K, 72% used [0x00000000fc100000,0x00000000fcdb4020,0x00000000fd280000)
  to   space 18944K, 0% used [0x00000000fe080000,0x00000000fe080000,0x00000000ff300000)
 ParOldGen       total 56320K, used 31650K [0x00000000e0000000, 0x00000000e3700000, 0x00000000f5580000)
  object space 56320K, 56% used [0x00000000e0000000,0x00000000e1ee8a00,0x00000000e3700000)
 Metaspace       used 57125K, capacity 58928K, committed 59028K, reserved 1099776K
  class space    used 7654K, capacity 8085K, committed 8124K, reserved 1048576K
Event: 147.834 GC heap after
Heap after GC invocations=20 (full 3):
 PSYoungGen      total 128000K, used 0K [0x00000000f5580000, 0x00000000ff300000, 0x0000000100000000)
  eden space 110080K, 0% used [0x00000000f5580000,0x00000000f5580000,0x00000000fc100000)
  from space 17920K, 0% used [0x00000000fc100000,0x00000000fc100000,0x00000000fd280000)
  to   space 18944K, 0% used [0x00000000fe080000,0x00000000fe080000,0x00000000ff300000)
 ParOldGen       total 94720K, used 35109K [0x00000000e0000000, 0x00000000e5c80000, 0x00000000f5580000)
  object space 94720K, 37% used [0x00000000e0000000,0x00000000e2249628,0x00000000e5c80000)
 Metaspace       used 57125K, capacity 58928K, committed 59028K, reserved 1099776K
  class space    used 7654K, capacity 8085K, committed 8124K, reserved 1048576K
}

